<?xml version="1.0" encoding="UTF-8"?>
<!-- Generated by org.testng.reporters.JUnitReportReporter -->
<testsuite hostname="DESKTOP-CQED113" failures="0" tests="1" name="scripts.DownloadTranscriptScenario" time="108.492" errors="0" timestamp="2023-03-30T08:52:09 IST" skipped="0">
  <testcase classname="scripts.DownloadTranscriptScenario" name="downloadTranscripts" time="108.492"/>
  <system-out/>
</testsuite> <!-- scripts.DownloadTranscriptScenario -->
